<?xml version="1.0" encoding="UTF-8"?>
<testng-results ignored="0" total="1" passed="1" failed="0" skipped="0">
  <reporter-output>
  </reporter-output>
  <suite started-at="2024-07-21T20:10:20Z" name="Default suite" finished-at="2024-07-21T20:10:26Z" duration-ms="6848">
    <groups>
    </groups>
    <test started-at="2024-07-21T20:10:20Z" name="Default test" finished-at="2024-07-21T20:10:26Z" duration-ms="6848">
      <class name="Test1.NewTest2">
        <test-method signature="f()[pri:0, instance:Test1.NewTest2@327bcebd]" started-at="2024-07-21T16:10:20Z" name="f" finished-at="2024-07-21T16:10:26Z" duration-ms="6824" status="PASS">
          <reporter-output>
          </reporter-output>
        </test-method> <!-- f -->
      </class> <!-- Test1.NewTest2 -->
    </test> <!-- Default test -->
  </suite> <!-- Default suite -->
</testng-results>
